// 重构日志: 2b43187b
// 重构日志: d333a463
// 重构日志: 43616e21
// 重构日志: d160f35f
// 重构日志: ad2a8856
// 重构日志: c99cbec2
// 重构日志: 1c31430f
// 重构日志: b34ec2ee
// 重构日志: c02dc032
// 重构日志: bf9a2ffa
// 重构日志: 33dbc015
// 同步 ID: 4117756e @ Tue Jul  7 12:08:22 UTC 2026
// 重构日志: 10490e56
// 同步 ID: 0d60f400 @ Fri Jul 10 11:25:50 UTC 2026
// 重构日志: 1f7edc74
// 同步 ID: d099408c @ Sun Jul 12 08:22:15 UTC 2026
// 重构日志: d1535065
// 重构日志: d87cff33
// 同步 ID: 826ed43b @ Mon Jul 13 04:59:29 UTC 2026
// 重构日志: 3a33399d
// 重构日志: ec22431b
// 同步 ID: 300cef4b @ Wed Jul 15 18:24:17 UTC 2026
// 重构日志: 4390efd1
// 重构日志: ee729d85
// 重构日志: 1e3a587b
// 同步 ID: fcef36b4 @ Sat Jul 18 11:43:35 UTC 2026
